#
# There is insufficient memory for the Java Runtime Environment to continue.
# Native memory allocation (mmap) failed to map 268435456 bytes for G1 virtual space
# Possible reasons:
#   The system is out of physical RAM or swap space
#   The process is running with CompressedOops enabled, and the Java Heap may be blocking the growth of the native heap
# Possible solutions:
#   Reduce memory load on the system
#   Increase physical memory or swap space
#   Check if swap backing store is full
#   Decrease Java heap size (-Xmx/-Xms)
#   Decrease number of Java threads
#   Decrease Java thread stack sizes (-Xss)
#   Set larger code cache with -XX:ReservedCodeCacheSize=
#   JVM is running with Zero Based Compressed Oops mode in which the Java heap is
#     placed in the first 32GB address space. The Java Heap base address is the
#     maximum limit for the native heap growth. Please use -XX:HeapBaseMinAddress
#     to set the Java Heap base and to place the Java Heap above 32GB virtual address.
# This output file may be truncated or incomplete.
#
#  Out of Memory Error (os_windows.cpp:3530), pid=31248, tid=1304
#
# JRE version:  (18.0.1+10) (build )
# Java VM: OpenJDK 64-Bit Server VM (18.0.1+10, mixed mode, sharing, tiered, compressed oops, compressed class ptrs, g1 gc, windows-amd64)
# No core dump will be written. Minidumps are not enabled by default on client versions of Windows
#

---------------  S U M M A R Y ------------

Command Line: -Dfile.encoding=UTF-8 -XX:+ShowCodeDetailsInExceptionMessages interfaces.Clientes

Host: AMD Ryzen 5 2600X Six-Core Processor           , 12 cores, 15G,  Windows 10 , 64 bit Build 19041 (10.0.19041.2251)
Time: Sat Nov 26 03:57:37 2022 Hora estándar central (México) elapsed time: 0.011783 seconds (0d 0h 0m 0s)

---------------  T H R E A D  ---------------

Current thread (0x000001db652039d0):  JavaThread "Unknown thread" [_thread_in_vm, id=1304, stack(0x000000a072200000,0x000000a072300000)]

Stack: [0x000000a072200000,0x000000a072300000]
Native frames: (J=compiled Java code, j=interpreted, Vv=VM code, C=native code)
V  [jvm.dll+0x69cd4a]
V  [jvm.dll+0x84b63d]
V  [jvm.dll+0x84cf4e]
V  [jvm.dll+0x84d603]
V  [jvm.dll+0x25f19f]
V  [jvm.dll+0x699bb9]
V  [jvm.dll+0x68e6ea]
V  [jvm.dll+0x324e1b]
V  [jvm.dll+0x32c826]
V  [jvm.dll+0x38127e]
V  [jvm.dll+0x3814af]
V  [jvm.dll+0x2fcaba]
V  [jvm.dll+0x2fdb1d]
V  [jvm.dll+0x81a290]
V  [jvm.dll+0x38e611]
V  [jvm.dll+0x7f8f63]
V  [jvm.dll+0x41045f]
V  [jvm.dll+0x411f11]
C  [jli.dll+0x5267]
C  [ucrtbase.dll+0x21bb2]
C  [KERNEL32.DLL+0x174b4]
C  [ntdll.dll+0x526a1]


---------------  P R O C E S S  ---------------

Threads class SMR info:
_java_thread_list=0x00007ffe9511de10, length=0, elements={
}

Java Threads: ( => current thread )

Other Threads:
  0x000001db65274430 WorkerThread "GC Thread#0" [stack: 0x000000a072300000,0x000000a072400000] [id=31496]
  0x000001db65285a40 ConcurrentGCThread "G1 Main Marker" [stack: 0x000000a072400000,0x000000a072500000] [id=21904]
  0x000001db65287440 WorkerThread "G1 Conc#0" [stack: 0x000000a072500000,0x000000a072600000] [id=29996]

[error occurred during error reporting (printing all threads), id 0xc0000005, EXCEPTION_ACCESS_VIOLATION (0xc0000005) at pc=0x00007ffe948dd0e7]

VM state: not at safepoint (not fully initialized)

VM Mutex/Monitor currently owned by a thread:  ([mutex/lock_event])
[0x000001db651ffa20] Heap_lock - owner thread: 0x000001db652039d0

Heap address: 0x0000000700c00000, size: 4084 MB, Compressed Oops mode: Zero based, Oop shift amount: 3

CDS archive(s) mapped at: [0x0000000000000000-0x0000000000000000-0x0000000000000000), size 0, SharedBaseAddress: 0x0000000800000000, ArchiveRelocationMode: 0.
Narrow klass base: 0x0000000000000000, Narrow klass shift: 0, Narrow klass range: 0x0

GC Precious Log:
 CardTable entry size: 512
 Card Set container configuration: InlinePtr #cards 4 size 8 Array Of Cards #cards 16 size 48 Howl #buckets 8 coarsen threshold 3686 Howl Bitmap #cards 512 size 80 coarsen threshold 460 Card regions per heap region 1 cards per card region 4096

Heap:
 garbage-first heap   total 0K, used 0K [0x0000000700c00000, 0x0000000800000000)
  region size 2048K, 0 young (0K), 0 survivors (0K)

[error occurred during error reporting (printing heap information), id 0xc0000005, EXCEPTION_ACCESS_VIOLATION (0xc0000005) at pc=0x00007ffe94cc5109]

GC Heap History (0 events):
No events

Deoptimization events (0 events):
No events

Classes loaded (0 events):
No events

Classes unloaded (0 events):
No events

Classes redefined (0 events):
No events

Internal exceptions (0 events):
No events

VM Operations (0 events):
No events

Events (1 events):
Event: 0.005 Loaded shared library C:\Users\windows\.p2\pool\plugins\org.eclipse.justj.openjdk.hotspot.jre.full.win32.x86_64_18.0.1.v20220515-1614\jre\bin\java.dll


Dynamic libraries:
0x00007ff778770000 - 0x00007ff77877e000 	C:\Users\windows\.p2\pool\plugins\org.eclipse.justj.openjdk.hotspot.jre.full.win32.x86_64_18.0.1.v20220515-1614\jre\bin\javaw.exe
0x00007ffeff970000 - 0x00007ffeffb68000 	C:\WINDOWS\SYSTEM32\ntdll.dll
0x00007ffefec50000 - 0x00007ffefed0f000 	C:\WINDOWS\System32\KERNEL32.DLL
0x00007ffefd6e0000 - 0x00007ffefd9b2000 	C:\WINDOWS\System32\KERNELBASE.dll
0x00007ffefd2f0000 - 0x00007ffefd3f0000 	C:\WINDOWS\System32\ucrtbase.dll
0x00007ffee1750000 - 0x00007ffee1769000 	C:\Users\windows\.p2\pool\plugins\org.eclipse.justj.openjdk.hotspot.jre.full.win32.x86_64_18.0.1.v20220515-1614\jre\bin\VCRUNTIME140.dll
0x00007ffee1730000 - 0x00007ffee1747000 	C:\Users\windows\.p2\pool\plugins\org.eclipse.justj.openjdk.hotspot.jre.full.win32.x86_64_18.0.1.v20220515-1614\jre\bin\jli.dll
0x00007ffefeed0000 - 0x00007ffeff06d000 	C:\WINDOWS\System32\USER32.dll
0x00007ffeee190000 - 0x00007ffeee42a000 	C:\WINDOWS\WinSxS\amd64_microsoft.windows.common-controls_6595b64144ccf1df_6.0.19041.1110_none_60b5254171f9507e\COMCTL32.dll
0x00007ffefd070000 - 0x00007ffefd092000 	C:\WINDOWS\System32\win32u.dll
0x00007ffeff2a0000 - 0x00007ffeff33e000 	C:\WINDOWS\System32\msvcrt.dll
0x00007ffefe7f0000 - 0x00007ffefe81b000 	C:\WINDOWS\System32\GDI32.dll
0x00007ffefd420000 - 0x00007ffefd52f000 	C:\WINDOWS\System32\gdi32full.dll
0x00007ffefd1c0000 - 0x00007ffefd25d000 	C:\WINDOWS\System32\msvcp_win.dll
0x00007ffeff6b0000 - 0x00007ffeff6e2000 	C:\WINDOWS\System32\IMM32.DLL
0x00007ffef56b0000 - 0x00007ffef56bc000 	C:\Users\windows\.p2\pool\plugins\org.eclipse.justj.openjdk.hotspot.jre.full.win32.x86_64_18.0.1.v20220515-1614\jre\bin\vcruntime140_1.dll
0x00007ffed9d80000 - 0x00007ffed9e11000 	C:\Users\windows\.p2\pool\plugins\org.eclipse.justj.openjdk.hotspot.jre.full.win32.x86_64_18.0.1.v20220515-1614\jre\bin\msvcp140.dll
0x00007ffe945d0000 - 0x00007ffe95259000 	C:\Users\windows\.p2\pool\plugins\org.eclipse.justj.openjdk.hotspot.jre.full.win32.x86_64_18.0.1.v20220515-1614\jre\bin\server\jvm.dll
0x00007ffeff4f0000 - 0x00007ffeff59e000 	C:\WINDOWS\System32\ADVAPI32.dll
0x00007ffefde30000 - 0x00007ffefdecc000 	C:\WINDOWS\System32\sechost.dll
0x00007ffeff760000 - 0x00007ffeff885000 	C:\WINDOWS\System32\RPCRT4.dll
0x00007ffeff6f0000 - 0x00007ffeff6f8000 	C:\WINDOWS\System32\PSAPI.DLL
0x00007ffef8a20000 - 0x00007ffef8a29000 	C:\WINDOWS\SYSTEM32\WSOCK32.dll
0x00007ffeee0d0000 - 0x00007ffeee0f7000 	C:\WINDOWS\SYSTEM32\WINMM.dll
0x00007ffef4100000 - 0x00007ffef410a000 	C:\WINDOWS\SYSTEM32\VERSION.dll
0x00007ffeff070000 - 0x00007ffeff0db000 	C:\WINDOWS\System32\WS2_32.dll
0x00007ffefae30000 - 0x00007ffefae42000 	C:\WINDOWS\SYSTEM32\kernel.appcore.dll
0x00007ffef8a10000 - 0x00007ffef8a1a000 	C:\Users\windows\.p2\pool\plugins\org.eclipse.justj.openjdk.hotspot.jre.full.win32.x86_64_18.0.1.v20220515-1614\jre\bin\jimage.dll
0x00007ffeeaac0000 - 0x00007ffeeaca4000 	C:\WINDOWS\SYSTEM32\DBGHELP.DLL
0x00007ffee2910000 - 0x00007ffee293c000 	C:\WINDOWS\SYSTEM32\dbgcore.DLL
0x00007ffefd260000 - 0x00007ffefd2e2000 	C:\WINDOWS\System32\bcryptPrimitives.dll
0x00007ffef7e60000 - 0x00007ffef7e85000 	C:\Users\windows\.p2\pool\plugins\org.eclipse.justj.openjdk.hotspot.jre.full.win32.x86_64_18.0.1.v20220515-1614\jre\bin\java.dll

dbghelp: loaded successfully - version: 4.0.5 - missing functions: none
symbol engine: initialized successfully - sym options: 0x614 - pdb path: .;C:\Users\windows\.p2\pool\plugins\org.eclipse.justj.openjdk.hotspot.jre.full.win32.x86_64_18.0.1.v20220515-1614\jre\bin;C:\WINDOWS\SYSTEM32;C:\WINDOWS\WinSxS\amd64_microsoft.windows.common-controls_6595b64144ccf1df_6.0.19041.1110_none_60b5254171f9507e;C:\Users\windows\.p2\pool\plugins\org.eclipse.justj.openjdk.hotspot.jre.full.win32.x86_64_18.0.1.v20220515-1614\jre\bin\server

VM Arguments:
jvm_args: -Dfile.encoding=UTF-8 -XX:+ShowCodeDetailsInExceptionMessages 
java_command: interfaces.Clientes
java_class_path (initial): C:\Punto_de_venta\bin;C:\Punto_de_venta\src\libreria tickets\escpos-coffee-4.1.0.jar;C:\Punto_de_venta\src\librerias para uso de pdf\barbecue-1.5-beta1.jar;C:\Punto_de_venta\src\librerias para uso de pdf\barcode4j.jar;C:\Punto_de_venta\src\librerias para uso de pdf\fontbox-0.1.0.jar;C:\Punto_de_venta\src\librerias para uso de pdf\icepdf-core.jar;C:\Punto_de_venta\src\librerias para uso de pdf\icepdf-viewer.jar;C:\Punto_de_venta\src\librerias para uso de pdf\itext5-itextpdf-5.5.11.jar;C:\Punto_de_venta\src\librerias para uso de pdf\itext5-itext-pdfa-5.5.11.jar;C:\Punto_de_venta\src\librerias para uso de pdf\itextpdf-5.1.0.jar;C:\Punto_de_venta\src\librerias para uso de pdf\jbarcodebean-1.2.0 .jar;C:\Punto_de_venta\src\librerias para uso de pdf\org-apache-commons-logging.jar;C:\Punto_de_venta\src\librerias para uso de pdf\pdfbox-3.0.0-alpha3.jar;C:\Punto_de_venta\src\conector_db\mariadb-java-client-3.0.6.jar
Launcher Type: SUN_STANDARD

[Global flags]
     intx CICompilerCount                          = 4                                         {product} {ergonomic}
     uint ConcGCThreads                            = 3                                         {product} {ergonomic}
     uint G1ConcRefinementThreads                  = 10                                        {product} {ergonomic}
   size_t G1HeapRegionSize                         = 2097152                                   {product} {ergonomic}
    uintx GCDrainStackTargetSize                   = 64                                        {product} {ergonomic}
   size_t InitialHeapSize                          = 268435456                                 {product} {ergonomic}
   size_t MarkStackSize                            = 4194304                                   {product} {ergonomic}
   size_t MaxHeapSize                              = 4282384384                                {product} {ergonomic}
   size_t MinHeapDeltaBytes                        = 2097152                                   {product} {ergonomic}
   size_t MinHeapSize                              = 8388608                                   {product} {ergonomic}
    uintx NonNMethodCodeHeapSize                   = 5839372                                {pd product} {ergonomic}
    uintx NonProfiledCodeHeapSize                  = 122909434                              {pd product} {ergonomic}
    uintx ProfiledCodeHeapSize                     = 122909434                              {pd product} {ergonomic}
    uintx ReservedCodeCacheSize                    = 251658240                              {pd product} {ergonomic}
     bool SegmentedCodeCache                       = true                                      {product} {ergonomic}
     bool ShowCodeDetailsInExceptionMessages       = true                                   {manageable} {command line}
   size_t SoftMaxHeapSize                          = 4282384384                             {manageable} {ergonomic}
     bool UseCompressedClassPointers               = true                           {product lp64_product} {ergonomic}
     bool UseCompressedOops                        = true                           {product lp64_product} {ergonomic}
     bool UseG1GC                                  = true                                      {product} {ergonomic}
     bool UseLargePagesIndividualAllocation        = false                                  {pd product} {ergonomic}

Logging:
Log output configuration:
 #0: stdout all=warning uptime,level,tags foldmultilines=false
 #1: stderr all=off uptime,level,tags foldmultilines=false

Environment Variables:
JAVA_HOME=C:\Program Files\Java\jdk-14.0.2
PATH=C:/Users/windows/.p2/pool/plugins/org.eclipse.justj.openjdk.hotspot.jre.full.win32.x86_64_18.0.1.v20220515-1614/jre/bin/server;C:/Users/windows/.p2/pool/plugins/org.eclipse.justj.openjdk.hotspot.jre.full.win32.x86_64_18.0.1.v20220515-1614/jre/bin;C:\Program Files\Common Files\Oracle\Java\javapath;C:\ProgramData\Oracle\Java\javapath;C:\Windows\system32;C:\Windows;C:\Windows\System32\Wbem;C:\Windows\System32\WindowsPowerShell\v1.0\;C:\Windows\System32\OpenSSH\;C:\Program Files (x86)\NVIDIA Corporation\PhysX\Common;C:\Program Files\dotnet\;C:\Program Files\Microsoft SQL Server\130\Tools\Binn\;C:\Program Files\Microsoft SQL Server\Client SDK\ODBC\170\Tools\Binn\;C:\Program Files (x86)\Microsoft SQL Server\150\Tools\Binn\;C:\Program Files\Microsoft SQL Server\150\Tools\Binn\;C:\Program Files\Microsoft SQL Server\150\DTS\Binn\;C:\PROGRA~2\PICC;C:\Program Files (x86)\Firebird\Firebird_2_5\bin\;C:\Program Files\NVIDIA Corporation\NVIDIA NvDLISR;C:\WINDOWS\system32;C:\WINDOWS;C:\WINDOWS\System32\Wbem;C:\WINDOWS\System32\WindowsPowerShell\v1.0\;C:\WINDOWS\System32\OpenSSH\;E:\Git\Git\cmd;E:\Njs\;C:\ProgramData\chocolatey\bin;E:\visual_studio_code\node_modules;C:\Program Files\Java\jdk-14.0.2\bin;C:\Users\windows\AppData\Local\Microsoft\WindowsApps;D:\Microsoft VS Code\bin;F:\Phoenixsuite\PhoenixSuit_V1.10\;C:\Users\windows\AppData\Roaming\TinyTeX\bin\win32;E:\visual_studio_code\Microsoft VS Code\bin;C:\Users\windows\AppData\Roaming\npm;E:\rocketdoc\RocketDock;
USERNAME=windows
OS=Windows_NT
PROCESSOR_IDENTIFIER=AMD64 Family 23 Model 8 Stepping 2, AuthenticAMD



---------------  S Y S T E M  ---------------

OS:
 Windows 10 , 64 bit Build 19041 (10.0.19041.2251)
OS uptime: 8 days 11:41 hours
Hyper-V role detected

CPU: total 12 (initial active 12) (12 cores per cpu, 2 threads per core) family 23 model 8 stepping 2 microcode 0x0, cx8, cmov, fxsr, ht, mmx, 3dnowpref, sse, sse2, sse3, ssse3, sse4a, sse4.1, sse4.2, popcnt, lzcnt, tsc, tscinvbit, avx, avx2, aes, clmul, bmi1, bmi2, adx, sha, fma, vzeroupper, clflush, clflushopt, hv

Memory: 4k page, system-wide physical 16334M (5560M free)
TotalPageFile size 30550M (AvailPageFile size 156M)
current process WorkingSet (physical memory assigned to process): 10M, peak: 10M
current process commit charge ("private bytes"): 64M, peak: 320M

vm_info: OpenJDK 64-Bit Server VM (18.0.1+10) for windows-amd64 JRE (18.0.1+10), built on Apr 20 2022 05:04:48 by "" with MS VC++ 16.7 (VS2019)

END.
